<?xml version="1.0" encoding="UTF-8"?>
<!-- Generated by org.testng.reporters.JUnitXMLReporter -->
<testsuite ignored="1" hostname="DESKTOP-BC7A87T" failures="0" tests="6" name="Test" time="0.061" errors="0" timestamp="2025-01-25T10:34:20 IST">
  <testcase classname="batch2.String2" name="CharArray" time="0.008"/>
  <testcase classname="batch2.String2" name="FirstWord" time="0.001"/>
  <testcase classname="batch2.String2" name="Words" time="0.001"/>
  <testcase classname="batch2.String2" name="palindrome" time="0.001"/>
  <testcase classname="batch2.String2" name="reverseInPlace" time="0.001"/>
  <testcase classname="batch2.String2" name="vowels" time="0.002"/>
  <testcase classname="batch2.String2" name="frequency" time="0.0">
    <ignored/>
  </testcase> <!-- frequency -->
</testsuite> <!-- Test -->
