<?xml version="1.0" encoding="UTF-8"?>
<testng-results ignored="0" total="15" passed="15" failed="0" skipped="0">
  <reporter-output>
  </reporter-output>
  <suite started-at="2025-01-25T13:36:55 IST" name="Default suite" finished-at="2025-01-25T13:37:32 IST" duration-ms="37429">
    <groups>
    </groups>
    <test started-at="2025-01-25T13:36:55 IST" name="Default test" finished-at="2025-01-25T13:37:32 IST" duration-ms="37429">
      <class name="batch2.String1">
        <test-method signature="test(java.lang.String,java.lang.String)[pri:0, instance:batch2.String1@4009e306]" started-at="2025-01-25T13:36:55 IST" name="test" data-provider="LogInputData" finished-at="2025-01-25T13:36:58 IST" duration-ms="2796" status="PASS">
          <params>
            <param index="0">
              <value>
                <![CDATA[Admin]]>
              </value>
            </param>
            <param index="1">
              <value>
                <![CDATA[manager]]>
              </value>
            </param>
          </params>
          <reporter-output>
          </reporter-output>
        </test-method> <!-- test -->
        <test-method signature="test(java.lang.String,java.lang.String)[pri:0, instance:batch2.String1@4009e306]" started-at="2025-01-25T13:36:58 IST" name="test" data-provider="LogInputData" finished-at="2025-01-25T13:37:00 IST" duration-ms="2117" status="PASS">
          <params>
            <param index="0">
              <value>
                <![CDATA[Rahul]]>
              </value>
            </param>
            <param index="1">
              <value>
                <![CDATA[Mansarowar]]>
              </value>
            </param>
          </params>
          <reporter-output>
          </reporter-output>
        </test-method> <!-- test -->
        <test-method signature="test(java.lang.String,java.lang.String)[pri:0, instance:batch2.String1@4009e306]" started-at="2025-01-25T13:37:00 IST" name="test" data-provider="LogInputData" finished-at="2025-01-25T13:37:02 IST" duration-ms="2423" status="PASS">
          <params>
            <param index="0">
              <value>
                <![CDATA[Facebook]]>
              </value>
            </param>
            <param index="1">
              <value>
                <![CDATA[Password]]>
              </value>
            </param>
          </params>
          <reporter-output>
          </reporter-output>
        </test-method> <!-- test -->
        <test-method signature="test(java.lang.String,java.lang.String)[pri:0, instance:batch2.String1@4009e306]" started-at="2025-01-25T13:37:02 IST" name="test" data-provider="LogInputData" finished-at="2025-01-25T13:37:05 IST" duration-ms="2180" status="PASS">
          <params>
            <param index="0">
              <value>
                <![CDATA[Admin]]>
              </value>
            </param>
            <param index="1">
              <value>
                <![CDATA[manager]]>
              </value>
            </param>
          </params>
          <reporter-output>
          </reporter-output>
        </test-method> <!-- test -->
        <test-method signature="test(java.lang.String,java.lang.String)[pri:0, instance:batch2.String1@4009e306]" started-at="2025-01-25T13:37:05 IST" name="test" data-provider="LogInputData" finished-at="2025-01-25T13:37:07 IST" duration-ms="2184" status="PASS">
          <params>
            <param index="0">
              <value>
                <![CDATA[Rahul]]>
              </value>
            </param>
            <param index="1">
              <value>
                <![CDATA[Mansarowar]]>
              </value>
            </param>
          </params>
          <reporter-output>
          </reporter-output>
        </test-method> <!-- test -->
        <test-method signature="test(java.lang.String,java.lang.String)[pri:0, instance:batch2.String1@4009e306]" started-at="2025-01-25T13:37:07 IST" name="test" data-provider="LogInputData" finished-at="2025-01-25T13:37:09 IST" duration-ms="2640" status="PASS">
          <params>
            <param index="0">
              <value>
                <![CDATA[Facebook]]>
              </value>
            </param>
            <param index="1">
              <value>
                <![CDATA[Password]]>
              </value>
            </param>
          </params>
          <reporter-output>
          </reporter-output>
        </test-method> <!-- test -->
        <test-method signature="test(java.lang.String,java.lang.String)[pri:0, instance:batch2.String1@4009e306]" started-at="2025-01-25T13:37:09 IST" name="test" data-provider="LogInputData" finished-at="2025-01-25T13:37:12 IST" duration-ms="2522" status="PASS">
          <params>
            <param index="0">
              <value>
                <![CDATA[Admin]]>
              </value>
            </param>
            <param index="1">
              <value>
                <![CDATA[manager]]>
              </value>
            </param>
          </params>
          <reporter-output>
          </reporter-output>
        </test-method> <!-- test -->
        <test-method signature="test(java.lang.String,java.lang.String)[pri:0, instance:batch2.String1@4009e306]" started-at="2025-01-25T13:37:12 IST" name="test" data-provider="LogInputData" finished-at="2025-01-25T13:37:14 IST" duration-ms="2422" status="PASS">
          <params>
            <param index="0">
              <value>
                <![CDATA[Rahul]]>
              </value>
            </param>
            <param index="1">
              <value>
                <![CDATA[Mansarowar]]>
              </value>
            </param>
          </params>
          <reporter-output>
          </reporter-output>
        </test-method> <!-- test -->
        <test-method signature="test(java.lang.String,java.lang.String)[pri:0, instance:batch2.String1@4009e306]" started-at="2025-01-25T13:37:14 IST" name="test" data-provider="LogInputData" finished-at="2025-01-25T13:37:17 IST" duration-ms="2781" status="PASS">
          <params>
            <param index="0">
              <value>
                <![CDATA[Facebook]]>
              </value>
            </param>
            <param index="1">
              <value>
                <![CDATA[Password]]>
              </value>
            </param>
          </params>
          <reporter-output>
          </reporter-output>
        </test-method> <!-- test -->
        <test-method signature="test(java.lang.String,java.lang.String)[pri:0, instance:batch2.String1@4009e306]" started-at="2025-01-25T13:37:17 IST" name="test" data-provider="LogInputData" finished-at="2025-01-25T13:37:20 IST" duration-ms="2576" status="PASS">
          <params>
            <param index="0">
              <value>
                <![CDATA[Admin]]>
              </value>
            </param>
            <param index="1">
              <value>
                <![CDATA[manager]]>
              </value>
            </param>
          </params>
          <reporter-output>
          </reporter-output>
        </test-method> <!-- test -->
        <test-method signature="test(java.lang.String,java.lang.String)[pri:0, instance:batch2.String1@4009e306]" started-at="2025-01-25T13:37:20 IST" name="test" data-provider="LogInputData" finished-at="2025-01-25T13:37:22 IST" duration-ms="2643" status="PASS">
          <params>
            <param index="0">
              <value>
                <![CDATA[Rahul]]>
              </value>
            </param>
            <param index="1">
              <value>
                <![CDATA[Mansarowar]]>
              </value>
            </param>
          </params>
          <reporter-output>
          </reporter-output>
        </test-method> <!-- test -->
        <test-method signature="test(java.lang.String,java.lang.String)[pri:0, instance:batch2.String1@4009e306]" started-at="2025-01-25T13:37:22 IST" name="test" data-provider="LogInputData" finished-at="2025-01-25T13:37:25 IST" duration-ms="2453" status="PASS">
          <params>
            <param index="0">
              <value>
                <![CDATA[Facebook]]>
              </value>
            </param>
            <param index="1">
              <value>
                <![CDATA[Password]]>
              </value>
            </param>
          </params>
          <reporter-output>
          </reporter-output>
        </test-method> <!-- test -->
        <test-method signature="test(java.lang.String,java.lang.String)[pri:0, instance:batch2.String1@4009e306]" started-at="2025-01-25T13:37:25 IST" name="test" data-provider="LogInputData" finished-at="2025-01-25T13:37:27 IST" duration-ms="2534" status="PASS">
          <params>
            <param index="0">
              <value>
                <![CDATA[Admin]]>
              </value>
            </param>
            <param index="1">
              <value>
                <![CDATA[manager]]>
              </value>
            </param>
          </params>
          <reporter-output>
          </reporter-output>
        </test-method> <!-- test -->
        <test-method signature="test(java.lang.String,java.lang.String)[pri:0, instance:batch2.String1@4009e306]" started-at="2025-01-25T13:37:27 IST" name="test" data-provider="LogInputData" finished-at="2025-01-25T13:37:30 IST" duration-ms="2574" status="PASS">
          <params>
            <param index="0">
              <value>
                <![CDATA[Rahul]]>
              </value>
            </param>
            <param index="1">
              <value>
                <![CDATA[Mansarowar]]>
              </value>
            </param>
          </params>
          <reporter-output>
          </reporter-output>
        </test-method> <!-- test -->
        <test-method signature="test(java.lang.String,java.lang.String)[pri:0, instance:batch2.String1@4009e306]" started-at="2025-01-25T13:37:30 IST" name="test" data-provider="LogInputData" finished-at="2025-01-25T13:37:32 IST" duration-ms="2517" status="PASS">
          <params>
            <param index="0">
              <value>
                <![CDATA[Facebook]]>
              </value>
            </param>
            <param index="1">
              <value>
                <![CDATA[Password]]>
              </value>
            </param>
          </params>
          <reporter-output>
          </reporter-output>
        </test-method> <!-- test -->
      </class> <!-- batch2.String1 -->
    </test> <!-- Default test -->
  </suite> <!-- Default suite -->
</testng-results>
