<?xml version="1.0" encoding="UTF-8"?>
<!-- Generated by org.testng.reporters.JUnitXMLReporter -->
<testsuite ignored="0" hostname="DESKTOP-BC7A87T" failures="0" tests="6" name="Testing" time="0.092" errors="0" timestamp="2025-01-23T19:54:36 IST">
  <testcase classname="batch1.Test1" name="test1" time="0.012"/>
  <testcase classname="batch1.Test1" name="test2" time="0.002"/>
  <testcase classname="batch1.Test1" name="test3" time="0.002"/>
  <testcase classname="batch1.Test1" name="test4" time="0.002"/>
  <testcase classname="batch1.Test1" name="test5" time="0.003"/>
  <testcase classname="batch1.Test2" name="test2" time="0.002"/>
</testsuite> <!-- Testing -->
