<?xml version="1.0" encoding="UTF-8"?>
<!-- Generated by org.testng.reporters.JUnitXMLReporter -->
<testsuite ignored="0" hostname="DESKTOP-BC7A87T" failures="0" tests="15" name="Default test" time="37.429" errors="0" timestamp="2025-01-25T13:37:32 IST">
  <testcase classname="batch2.String1" name="test" time="2.796"/>
  <testcase classname="batch2.String1" name="test" time="2.117"/>
  <testcase classname="batch2.String1" name="test" time="2.423"/>
  <testcase classname="batch2.String1" name="test" time="2.18"/>
  <testcase classname="batch2.String1" name="test" time="2.184"/>
  <testcase classname="batch2.String1" name="test" time="2.64"/>
  <testcase classname="batch2.String1" name="test" time="2.522"/>
  <testcase classname="batch2.String1" name="test" time="2.422"/>
  <testcase classname="batch2.String1" name="test" time="2.781"/>
  <testcase classname="batch2.String1" name="test" time="2.576"/>
  <testcase classname="batch2.String1" name="test" time="2.643"/>
  <testcase classname="batch2.String1" name="test" time="2.453"/>
  <testcase classname="batch2.String1" name="test" time="2.534"/>
  <testcase classname="batch2.String1" name="test" time="2.574"/>
  <testcase classname="batch2.String1" name="test" time="2.517"/>
</testsuite> <!-- Default test -->
