<?xml version="1.0" encoding="UTF-8"?>
<!-- Generated by org.testng.reporters.JUnitXMLReporter -->
<testsuite ignored="3" hostname="DESKTOP-BC7A87T" failures="0" tests="3" name="Smoke" time="0.096" errors="0" timestamp="2025-01-23T19:30:05 IST">
  <testcase classname="batch1.Test1" name="test1" time="0.017"/>
  <testcase classname="batch1.Test1" name="test3" time="0.002"/>
  <testcase classname="batch1.Test2" name="test2" time="0.001"/>
  <testcase classname="batch1.Test1" name="test5" time="0.0">
    <ignored/>
  </testcase> <!-- test5 -->
  <testcase classname="batch1.Test1" name="test4" time="0.0">
    <ignored/>
  </testcase> <!-- test4 -->
  <testcase classname="batch1.Test1" name="test2" time="0.0">
    <ignored/>
  </testcase> <!-- test2 -->
</testsuite> <!-- Smoke -->
