<?xml version="1.0" encoding="UTF-8"?>
<!-- Generated by org.testng.reporters.JUnitXMLReporter -->
<testsuite ignored="3" hostname="DESKTOP-BC7A87T" failures="0" tests="3" name="Test" time="0.055" errors="0" timestamp="2025-01-23T19:23:43 IST">
  <testcase classname="batch1.Test1" name="test1" time="0.007"/>
  <testcase classname="batch1.Test1" name="test3" time="0.002"/>
  <testcase classname="batch1.Test2" name="test2" time="0.002"/>
  <testcase classname="batch1.Test1" name="test5" time="0.0">
    <ignored/>
  </testcase> <!-- test5 -->
  <testcase classname="batch1.Test1" name="test4" time="0.0">
    <ignored/>
  </testcase> <!-- test4 -->
  <testcase classname="batch1.Test1" name="test2" time="0.0">
    <ignored/>
  </testcase> <!-- test2 -->
</testsuite> <!-- Test -->
